<?xml version="1.0" encoding="UTF-8"?>
<!-- Generated by org.testng.reporters.JUnitXMLReporter -->
<testsuite ignored="0" hostname="LAPTOP-A4PEUQQ0" failures="0" tests="3" name="Chrome on Windows 10" time="123.511" errors="0" timestamp="2025-02-09T18:39:14 IST">
  <testcase classname="seleniumSairam.window_10_Chrome_Selenium" name="testSimpleFormDemo" time="5.95"/>
  <testcase classname="seleniumSairam.window_10_Chrome_Selenium" name="testDragAndDropSlider" time="6.097"/>
  <testcase classname="seleniumSairam.window_10_Chrome_Selenium" name="testInputFormSubmit" time="11.625"/>
</testsuite> <!-- Chrome on Windows 10 -->
