<?xml version="1.0" encoding="UTF-8"?>
<!-- Generated by org.testng.reporters.JUnitXMLReporter -->
<testsuite ignored="0" hostname="LAPTOP-A4PEUQQ0" failures="0" tests="3" name="Firefox on Windows 11" time="193.861" errors="0" timestamp="2025-02-09T18:40:24 IST">
  <testcase classname="seleniumSairam.window_10_FFox_Selenium" name="testSimpleFormDemo" time="14.701"/>
  <testcase classname="seleniumSairam.window_10_FFox_Selenium" name="testDragAndDropSlider" time="12.608"/>
  <testcase classname="seleniumSairam.window_10_FFox_Selenium" name="testInputFormSubmit" time="21.792"/>
</testsuite> <!-- Firefox on Windows 11 -->
